{"numTotalTestSuites":2,"numPassedTestSuites":2,"numFailedTestSuites":0,"numPendingTestSuites":0,"numTotalTests":53,"numPassedTests":3,"numFailedTests":0,"numPendingTests":50,"numTodoTests":0,"snapshot":{"added":0,"failure":false,"filesAdded":0,"filesRemoved":0,"filesRemovedList":[],"filesUnmatched":0,"filesUpdated":0,"matched":0,"total":0,"unchecked":0,"uncheckedKeysByFile":[],"unmatched":0,"updated":0,"didUpdate":false},"startTime":1788869351979,"success":true,"testResults":[{"assertionResults":[{"ancestorTitles":["scripts/lib/ci-node-test-plan.mts"],"fullName":"scripts/lib/ci-node-test-plan.mts binds split timing identity to exact complete-file membership","status":"skipped","title":"binds split timing identity to exact complete-file membership","failureMessages":[],"meta":{},"tags":[],"benchmarks":[]},{"ancestorTitles":["scripts/lib/ci-node-test-plan.mts"],"fullName":"scripts/lib/ci-node-test-plan.mts retains a complete measured generation and ignores complementary partial generations","status":"skipped","title":"retains a complete measured generation and ignores complementary partial generations","failureMessages":[],"meta":{},"tags":[],"benchmarks":[]},{"ancestorTitles":["scripts/lib/ci-node-test-plan.mts"],"fullName":"scripts/lib/ci-node-test-plan.mts keeps Chromium files in the UI CI owner and Node-driven Playwright files in Node stripes","status":"skipped","title":"keeps Chromium files in the UI CI owner and Node-driven Playwright files in Node stripes","failureMessages":[],"meta":{},"tags":[],"benchmarks":[]},{"ancestorTitles":["scripts/lib/ci-node-test-plan.mts"],"fullName":"scripts/lib/ci-node-test-plan.mts keeps oversized sparse groups nonempty on github","status":"skipped","title":"keeps oversized sparse groups nonempty on github","failureMessages":[],"meta":{},"tags":[],"benchmarks":[]},{"ancestorTitles":["scripts/lib/ci-node-test-plan.mts"],"fullName":"scripts/lib/ci-node-test-plan.mts keeps oversized sparse groups nonempty on hybrid","status":"skipped","title":"keeps oversized sparse groups nonempty on hybrid","failureMessages":[],"meta":{},"tags":[],"benchmarks":[]},{"ancestorTitles":["scripts/lib/ci-node-test-plan.mts"],"fullName":"scripts/lib/ci-node-test-plan.mts bounds github child groups by the slower github path","status":"skipped","title":"bounds github child groups by the slower github path","failureMessages":[],"meta":{},"tags":[],"benchmarks":[]},{"ancestorTitles":["scripts/lib/ci-node-test-plan.mts"],"fullName":"scripts/lib/ci-node-test-plan.mts bounds hybrid child groups by the slower github path","status":"skipped","title":"bounds hybrid child groups by the slower github path","failureMessages":[],"meta":{},"tags":[],"benchmarks":[]},{"ancestorTitles":["scripts/lib/ci-node-test-plan.mts"],"fullName":"scripts/lib/ci-node-test-plan.mts bounds hybrid child groups by the slower blacksmith path","status":"skipped","title":"bounds hybrid child groups by the slower blacksmith path","failureMessages":[],"meta":{},"tags":[],"benchmarks":[]},{"ancestorTitles":["scripts/lib/ci-node-test-plan.mts"],"fullName":"scripts/lib/ci-node-test-plan.mts inventories source-scanning Control UI policy tests","status":"skipped","title":"inventories source-scanning Control UI policy tests","failureMessages":[],"meta":{},"tags":[],"benchmarks":[]},{"ancestorTitles":["scripts/lib/ci-node-test-plan.mts"],"fullName":"scripts/lib/ci-node-test-plan.mts matches policy owners only for exact changed paths","status":"skipped","title":"matches policy owners only for exact changed paths","failureMessages":[],"meta":{},"tags":[],"benchmarks":[]},{"ancestorTitles":["scripts/lib/ci-node-test-plan.mts"],"fullName":"scripts/lib/ci-node-test-plan.mts projects cache-warm groups from the owned node test plan","status":"skipped","title":"projects cache-warm groups from the owned node test plan","failureMessages":[],"meta":{},"tags":[],"benchmarks":[]},{"ancestorTitles":["scripts/lib/ci-node-test-plan.mts"],"fullName":"scripts/lib/ci-node-test-plan.mts creates split shards without walking test roots","status":"skipped","title":"creates split shards without walking test roots","failureMessages":[],"meta":{},"tags":[],"benchmarks":[]},{"ancestorTitles":["scripts/lib/ci-node-test-plan.mts"],"fullName":"scripts/lib/ci-node-test-plan.mts bundles split shards with deterministic unique identities and unchanged coverage","status":"skipped","title":"bundles split shards with deterministic unique identities and unchanged coverage","failureMessages":[],"meta":{},"tags":[],"benchmarks":[]},{"ancestorTitles":["scripts/lib/ci-node-test-plan.mts"],"fullName":"scripts/lib/ci-node-test-plan.mts prefers blacksmith measurements while retaining unmeasured hints and defaults","status":"skipped","title":"prefers blacksmith measurements while retaining unmeasured hints and defaults","failureMessages":[],"meta":{},"tags":[],"benchmarks":[]},{"ancestorTitles":["scripts/lib/ci-node-test-plan.mts"],"fullName":"scripts/lib/ci-node-test-plan.mts prefers github measurements while retaining unmeasured hints and defaults","status":"skipped","title":"prefers github measurements while retaining unmeasured hints and defaults","failureMessages":[],"meta":{},"tags":[],"benchmarks":[]},{"ancestorTitles":["scripts/lib/ci-node-test-plan.mts"],"fullName":"scripts/lib/ci-node-test-plan.mts prefers hybrid measurements while retaining unmeasured hints and defaults","status":"skipped","title":"prefers hybrid measurements while retaining unmeasured hints and defaults","failureMessages":[],"meta":{},"tags":[],"benchmarks":[]},{"ancestorTitles":["scripts/lib/ci-node-test-plan.mts"],"fullName":"scripts/lib/ci-node-test-plan.mts keeps hybrid fallback bounds and unmeasured stripes when other measurements change","status":"skipped","title":"keeps hybrid fallback bounds and unmeasured stripes when other measurements change","failureMessages":[],"meta":{},"tags":[],"benchmarks":[]},{"ancestorTitles":["scripts/lib/ci-node-test-plan.mts"],"fullName":"scripts/lib/ci-node-test-plan.mts retains parent floors and uses higher github child timings without changing test partitions","status":"skipped","title":"retains parent floors and uses higher github child timings without changing test partitions","failureMessages":[],"meta":{},"tags":[],"benchmarks":[]},{"ancestorTitles":["scripts/lib/ci-node-test-plan.mts"],"fullName":"scripts/lib/ci-node-test-plan.mts retains parent floors and uses higher hybrid child timings without changing test partitions","status":"skipped","title":"retains parent floors and uses higher hybrid child timings without changing test partitions","failureMessages":[],"meta":{},"tags":[],"benchmarks":[]},{"ancestorTitles":["scripts/lib/ci-node-test-plan.mts"],"fullName":"scripts/lib/ci-node-test-plan.mts partitions whole-config runtime consumers from ordinary serial CLI work","status":"skipped","title":"partitions whole-config runtime consumers from ordinary serial CLI work","failureMessages":[],"meta":{},"tags":[],"benchmarks":[]},{"ancestorTitles":["scripts/lib/ci-node-test-plan.mts"],"fullName":"scripts/lib/ci-node-test-plan.mts spends the hybrid CLI budget only on complete affordable non-build bins","status":"skipped","title":"spends the hybrid CLI budget only on complete affordable non-build bins","failureMessages":[],"meta":{},"tags":[],"benchmarks":[]},{"ancestorTitles":["scripts/lib/ci-node-test-plan.mts"],"fullName":"scripts/lib/ci-node-test-plan.mts preserves coverage and execution policies with committed compact measurements","status":"skipped","title":"preserves coverage and execution policies with committed compact measurements","failureMessages":[],"meta":{},"tags":[],"benchmarks":[]},{"ancestorTitles":["scripts/lib/ci-node-test-plan.mts"],"fullName":"scripts/lib/ci-node-test-plan.mts splits the slow core unit shards while keeping paired source/security coverage","status":"skipped","title":"splits the slow core unit shards while keeping paired source/security coverage","failureMessages":[],"meta":{},"tags":[],"benchmarks":[]},{"ancestorTitles":["scripts/lib/ci-node-test-plan.mts"],"fullName":"scripts/lib/ci-node-test-plan.mts keeps Doctor session SQLite owners complete and isolated","status":"skipped","title":"keeps Doctor session SQLite owners complete and isolated","failureMessages":[],"meta":{},"tags":[],"benchmarks":[]},{"ancestorTitles":["scripts/lib/ci-node-test-plan.mts"],"fullName":"scripts/lib/ci-node-test-plan.mts partitions each giant compact group across three deterministic stripes","status":"skipped","title":"partitions each giant compact group across three deterministic stripes","failureMessages":[],"meta":{},"tags":[],"benchmarks":[]},{"ancestorTitles":["scripts/lib/ci-node-test-plan.mts"],"fullName":"scripts/lib/ci-node-test-plan.mts names the node shard checks as core test lanes","status":"skipped","title":"names the node shard checks as core test lanes","failureMessages":[],"meta":{},"tags":[],"benchmarks":[]},{"ancestorTitles":["scripts/lib/ci-node-test-plan.mts"],"fullName":"scripts/lib/ci-node-test-plan.mts keeps extension, bundled, contracts, and channels configs out of the core node lane","status":"skipped","title":"keeps extension, bundled, contracts, and channels configs out of the core node lane","failureMessages":[],"meta":{},"tags":[],"benchmarks":[]},{"ancestorTitles":["scripts/lib/ci-node-test-plan.mts"],"fullName":"scripts/lib/ci-node-test-plan.mts keeps compact agentic config ownership aligned with the full agentic project set","status":"skipped","title":"keeps compact agentic config ownership aligned with the full agentic project set","failureMessages":[],"meta":{},"tags":[],"benchmarks":[]},{"ancestorTitles":["scripts/lib/ci-node-test-plan.mts"],"fullName":"scripts/lib/ci-node-test-plan.mts marks only dist-dependent shards for built artifact restore","status":"skipped","title":"marks only dist-dependent shards for built artifact restore","failureMessages":[],"meta":{},"tags":[],"benchmarks":[]},{"ancestorTitles":["scripts/lib/ci-node-test-plan.mts"],"fullName":"scripts/lib/ci-node-test-plan.mts preserves runtime preparation and core-only ownership in full and compact plans","status":"skipped","title":"preserves runtime preparation and core-only ownership in full and compact plans","failureMessages":[],"meta":{},"tags":[],"benchmarks":[]},{"ancestorTitles":["scripts/lib/ci-node-test-plan.mts"],"fullName":"scripts/lib/ci-node-test-plan.mts splits tooling checks independently from built artifacts","status":"passed","title":"splits tooling checks independently from built artifacts","duration":8127.672969000001,"failureMessages":[],"meta":{},"tags":[],"benchmarks":[]},{"ancestorTitles":["scripts/lib/ci-node-test-plan.mts"],"fullName":"scripts/lib/ci-node-test-plan.mts keeps non-tooling placement checks independent of singleton tooling split names","status":"skipped","title":"keeps non-tooling placement checks independent of singleton tooling split names","failureMessages":[],"meta":{},"tags":[],"benchmarks":[]},{"ancestorTitles":["scripts/lib/ci-node-test-plan.mts"],"fullName":"scripts/lib/ci-node-test-plan.mts keeps hosted tooling within the GitHub job cap when its inventory grows","status":"passed","title":"keeps hosted tooling within the GitHub job cap when its inventory grows","duration":50438.214568,"failureMessages":[],"meta":{},"tags":[],"benchmarks":[]},{"ancestorTitles":["scripts/lib/ci-node-test-plan.mts"],"fullName":"scripts/lib/ci-node-test-plan.mts assigns Blacksmith runners to every core node shard","status":"skipped","title":"assigns Blacksmith runners to every core node shard","failureMessages":[],"meta":{},"tags":[],"benchmarks":[]},{"ancestorTitles":["scripts/lib/ci-node-test-plan.mts"],"fullName":"scripts/lib/ci-node-test-plan.mts splits core runtime configs into smaller source-only shards","status":"skipped","title":"splits core runtime configs into smaller source-only shards","failureMessages":[],"meta":{},"tags":[],"benchmarks":[]},{"ancestorTitles":["scripts/lib/ci-node-test-plan.mts"],"fullName":"scripts/lib/ci-node-test-plan.mts keeps the full TUI PTY suite in its dedicated built-CLI shard","status":"skipped","title":"keeps the full TUI PTY suite in its dedicated built-CLI shard","failureMessages":[],"meta":{},"tags":[],"benchmarks":[]},{"ancestorTitles":["scripts/lib/ci-node-test-plan.mts"],"fullName":"scripts/lib/ci-node-test-plan.mts covers every infra test exactly once across core runtime infra shards","status":"skipped","title":"covers every infra test exactly once across core runtime infra shards","failureMessages":[],"meta":{},"tags":[],"benchmarks":[]},{"ancestorTitles":["scripts/lib/ci-node-test-plan.mts"],"fullName":"scripts/lib/ci-node-test-plan.mts covers every cron test exactly once across core runtime cron shards","status":"skipped","title":"covers every cron test exactly once across core runtime cron shards","failureMessages":[],"meta":{},"tags":[],"benchmarks":[]},{"ancestorTitles":["scripts/lib/ci-node-test-plan.mts"],"fullName":"scripts/lib/ci-node-test-plan.mts splits the agentic lane into control-plane, command, agent, gateway, SDK, and plugin shards","status":"skipped","title":"splits the agentic lane into control-plane, command, agent, gateway, SDK, and plugin shards","failureMessages":[],"meta":{},"tags":[],"benchmarks":[]},{"ancestorTitles":["scripts/lib/ci-node-test-plan.mts"],"fullName":"scripts/lib/ci-node-test-plan.mts keeps plugin prerelease npm install behavior on the release-only agentic plugin shard","status":"skipped","title":"keeps plugin prerelease npm install behavior on the release-only agentic plugin shard","failureMessages":[],"meta":{},"tags":[],"benchmarks":[]},{"ancestorTitles":["scripts/lib/ci-node-test-plan.mts"],"fullName":"scripts/lib/ci-node-test-plan.mts covers flat agents-core and explicitly nested isolated tests exactly once","status":"skipped","title":"covers flat agents-core and explicitly nested isolated tests exactly once","failureMessages":[],"meta":{},"tags":[],"benchmarks":[]},{"ancestorTitles":["scripts/lib/ci-node-test-plan.mts"],"fullName":"scripts/lib/ci-node-test-plan.mts keeps embedded-agent tests in four bounded config surfaces","status":"skipped","title":"keeps embedded-agent tests in four bounded config surfaces","failureMessages":[],"meta":{},"tags":[],"benchmarks":[]},{"ancestorTitles":["scripts/lib/ci-node-test-plan.mts"],"fullName":"scripts/lib/ci-node-test-plan.mts keeps expensive plugin shards release-only when normal CI asks for the cheaper plan","status":"skipped","title":"keeps expensive plugin shards release-only when normal CI asks for the cheaper plan","failureMessages":[],"meta":{},"tags":[],"benchmarks":[]},{"ancestorTitles":["scripts/lib/ci-node-test-plan.mts"],"fullName":"scripts/lib/ci-node-test-plan.mts keeps changed native browser tests in UI jobs and out of extension fallback","status":"skipped","title":"keeps changed native browser tests in UI jobs and out of extension fallback","failureMessages":[],"meta":{},"tags":[],"benchmarks":[]},{"ancestorTitles":["scripts/lib/ci-node-test-plan.mts"],"fullName":"scripts/lib/ci-node-test-plan.mts retains the changed host plugin test when the store-alias diff forces fallback","status":"skipped","title":"retains the changed host plugin test when the store-alias diff forces fallback","failureMessages":[],"meta":{},"tags":[],"benchmarks":[]},{"ancestorTitles":["scripts/lib/ci-node-test-plan.mts"],"fullName":"scripts/lib/ci-node-test-plan.mts retains only exact changed plugin-owner tests in deterministic order","status":"skipped","title":"retains only exact changed plugin-owner tests in deterministic order","failureMessages":[],"meta":{},"tags":[],"benchmarks":[]},{"ancestorTitles":["scripts/lib/ci-node-test-plan.mts"],"fullName":"scripts/lib/ci-node-test-plan.mts does not widen plugin coverage for deleted tests, sources, docs, or directories","status":"skipped","title":"does not widen plugin coverage for deleted tests, sources, docs, or directories","failureMessages":[],"meta":{},"tags":[],"benchmarks":[]},{"ancestorTitles":["scripts/lib/ci-node-test-plan.mts"],"fullName":"scripts/lib/ci-node-test-plan.mts retains changed plugin tests once in blacksmith compact fallback without changing group policies","status":"skipped","title":"retains changed plugin tests once in blacksmith compact fallback without changing group policies","failureMessages":[],"meta":{},"tags":[],"benchmarks":[]},{"ancestorTitles":["scripts/lib/ci-node-test-plan.mts"],"fullName":"scripts/lib/ci-node-test-plan.mts retains changed plugin tests once in github compact fallback without changing group policies","status":"passed","title":"retains changed plugin tests once in github compact fallback without changing group policies","duration":6690.441023000007,"failureMessages":[],"meta":{},"tags":[],"benchmarks":[]},{"ancestorTitles":["scripts/lib/ci-node-test-plan.mts"],"fullName":"scripts/lib/ci-node-test-plan.mts retains changed plugin tests once in hybrid compact fallback without changing group policies","status":"skipped","title":"retains changed plugin tests once in hybrid compact fallback without changing group policies","failureMessages":[],"meta":{},"tags":[],"benchmarks":[]},{"ancestorTitles":["scripts/lib/ci-node-test-plan.mts"],"fullName":"scripts/lib/ci-node-test-plan.mts splits auto-reply into balanced core/top-level and reply subtree shards","status":"skipped","title":"splits auto-reply into balanced core/top-level and reply subtree shards","failureMessages":[],"meta":{},"tags":[],"benchmarks":[]},{"ancestorTitles":["scripts/lib/ci-node-test-plan.mts"],"fullName":"scripts/lib/ci-node-test-plan.mts covers every auto-reply reply test exactly once across split shards","status":"skipped","title":"covers every auto-reply reply test exactly once across split shards","failureMessages":[],"meta":{},"tags":[],"benchmarks":[]},{"ancestorTitles":["scripts/lib/ci-node-test-plan.mts"],"fullName":"scripts/lib/ci-node-test-plan.mts keeps each dispatch entrypoint in its own dedicated shard","status":"skipped","title":"keeps each dispatch entrypoint in its own dedicated shard","failureMessages":[],"meta":{},"tags":[],"benchmarks":[]}],"startTime":1788869363134,"endTime":1788869428390.441,"status":"passed","message":"","name":"/home/runner/work/openclaw/openclaw/target/test/scripts/ci-node-test-plan.test.ts"}]}