{"numTotalTestSuites":2,"numPassedTestSuites":0,"numFailedTestSuites":2,"numPendingTestSuites":0,"numTotalTests":4,"numPassedTests":1,"numFailedTests":3,"numPendingTests":0,"numTodoTests":0,"snapshot":{"added":0,"failure":false,"filesAdded":0,"filesRemoved":0,"filesRemovedList":[],"filesUnmatched":0,"filesUpdated":0,"matched":0,"total":0,"unchecked":0,"uncheckedKeysByFile":[],"unmatched":0,"updated":0,"didUpdate":false},"startTime":1788825891414,"success":false,"testResults":[{"assertionResults":[{"ancestorTitles":["avatar owner graphemes"],"fullName":"avatar owner graphemes dashboard initials preserve graphemes and casing en-US","status":"failed","title":"dashboard initials preserve graphemes and casing en-US","duration":1768.130407,"failureMessages":["AssertionError: dashboard first graphemes: expected [ '\ud83d', '\ud83c', '\ud83d', '\ud801', 'A', 'SS', …(2) ] to deeply equal [ '😀', '🇺🇸', …(6) ]\n    at /home/runner/work/openclaw/openclaw/target/ui/src/e2e/avatar-owner-graphemes.e2e.test.ts:151:9\n    at runNextTicks (node:internal/process/task_queues:65:5)\n    at processImmediate (node:internal/timers:541:9)\n    at file:///home/runner/work/openclaw/openclaw/target/node_modules/.pnpm/vitest@5.0.0_patch_hash=76a69c6de8bc85bb68eebebddf7e1e798a4ebf46d36ad60e6447ebc62c49f70_4eaeae82d6c377a3319c1d5051fe2f90/node_modules/vitest/dist/chunks/run.CQOUYP-x.js:2783:20"],"meta":{},"tags":[],"benchmarks":[]},{"ancestorTitles":["avatar owner graphemes"],"fullName":"avatar owner graphemes shell initials preserve graphemes and casing en-US","status":"failed","title":"shell initials preserve graphemes and casing en-US","duration":9254.188863,"failureMessages":["AssertionError: shell first graphemes: expected [ '\ud83d', '\ud83c', '\ud83d', '\ud801', 'a', 'ß', …(3) ] to deeply equal [ '😀', '🇺🇸', …(7) ]\n    at /home/runner/work/openclaw/openclaw/target/ui/src/e2e/avatar-owner-graphemes.e2e.test.ts:257:9\n    at file:///home/runner/work/openclaw/openclaw/target/node_modules/.pnpm/vitest@5.0.0_patch_hash=76a69c6de8bc85bb68eebebddf7e1e798a4ebf46d36ad60e6447ebc62c49f70_4eaeae82d6c377a3319c1d5051fe2f90/node_modules/vitest/dist/chunks/run.CQOUYP-x.js:2783:20"],"meta":{},"tags":[],"benchmarks":[]},{"ancestorTitles":["avatar owner graphemes"],"fullName":"avatar owner graphemes dashboard initials preserve graphemes and casing tr-TR","status":"failed","title":"dashboard initials preserve graphemes and casing tr-TR","duration":1060.6914620000007,"failureMessages":["AssertionError: expected 'I' to be 'İ' // Object.is equality\n    at /home/runner/work/openclaw/openclaw/target/ui/src/e2e/avatar-owner-graphemes.e2e.test.ts:130:46\n    at /home/runner/work/openclaw/openclaw/target/ui/src/e2e/control-ui-e2e-suite.test-support.ts:487:20\n    at runQaGatewayFixture (/home/runner/work/openclaw/openclaw/target/test/helpers/qa-gateway-cleanup.ts:15:7)\n    at Object.withPage (/home/runner/work/openclaw/openclaw/target/ui/src/e2e/control-ui-e2e-suite.test-support.ts:482:14)\n    at /home/runner/work/openclaw/openclaw/target/ui/src/e2e/avatar-owner-graphemes.e2e.test.ts:90:7\n    at file:///home/runner/work/openclaw/openclaw/target/node_modules/.pnpm/vitest@5.0.0_patch_hash=76a69c6de8bc85bb68eebebddf7e1e798a4ebf46d36ad60e6447ebc62c49f70_4eaeae82d6c377a3319c1d5051fe2f90/node_modules/vitest/dist/chunks/run.CQOUYP-x.js:2783:20"],"meta":{},"tags":[],"benchmarks":[]},{"ancestorTitles":["avatar owner graphemes"],"fullName":"avatar owner graphemes shell initials preserve graphemes and casing tr-TR","status":"passed","title":"shell initials preserve graphemes and casing tr-TR","duration":3573.5032329999995,"failureMessages":[],"meta":{},"tags":[],"benchmarks":[]}],"startTime":1788825901835,"endTime":1788825917491.5032,"status":"failed","message":"","name":"/home/runner/work/openclaw/openclaw/target/ui/src/e2e/avatar-owner-graphemes.e2e.test.ts"}]}