{"numTotalTestSuites":2,"numPassedTestSuites":2,"numFailedTestSuites":0,"numPendingTestSuites":0,"numTotalTests":6,"numPassedTests":6,"numFailedTests":0,"numPendingTests":0,"numTodoTests":0,"snapshot":{"added":0,"failure":false,"filesAdded":0,"filesRemoved":0,"filesRemovedList":[],"filesUnmatched":0,"filesUpdated":0,"matched":0,"total":0,"unchecked":0,"uncheckedKeysByFile":[],"unmatched":0,"updated":0,"didUpdate":false},"startTime":1788844123065,"success":true,"testResults":[{"assertionResults":[{"ancestorTitles":["Automation defaults 141548"],"fullName":"Automation defaults 141548 absent-parents","status":"passed","title":"absent-parents","duration":2761.8988919999997,"failureMessages":[],"meta":{},"tags":[],"benchmarks":[]},{"ancestorTitles":["Automation defaults 141548"],"fullName":"Automation defaults 141548 empty-cron","status":"passed","title":"empty-cron","duration":1158.0333250000003,"failureMessages":[],"meta":{},"tags":[],"benchmarks":[]},{"ancestorTitles":["Automation defaults 141548"],"fullName":"Automation defaults 141548 empty-triggers","status":"passed","title":"empty-triggers","duration":1194.5904020000007,"failureMessages":[],"meta":{},"tags":[],"benchmarks":[]},{"ancestorTitles":["Automation defaults 141548"],"fullName":"Automation defaults 141548 explicit-on","status":"passed","title":"explicit-on","duration":1121.4846400000006,"failureMessages":[],"meta":{},"tags":[],"benchmarks":[]},{"ancestorTitles":["Automation defaults 141548"],"fullName":"Automation defaults 141548 explicit-off","status":"passed","title":"explicit-off","duration":1165.6835420000007,"failureMessages":[],"meta":{},"tags":[],"benchmarks":[]},{"ancestorTitles":["Automation defaults 141548"],"fullName":"Automation defaults 141548 roundtrip","status":"passed","title":"roundtrip","duration":2037.9932059999992,"failureMessages":[],"meta":{},"tags":[],"benchmarks":[]}],"startTime":1788844137747,"endTime":1788844147188.9932,"status":"passed","message":"","name":"/home/runner/work/openclaw/openclaw/target/ui/src/e2e/automation-defaults-141548.e2e.test.ts"}]}