{"numTotalTestSuites":2,"numPassedTestSuites":2,"numFailedTestSuites":0,"numPendingTestSuites":0,"numTotalTests":1,"numPassedTests":1,"numFailedTests":0,"numPendingTests":0,"numTodoTests":0,"snapshot":{"added":0,"failure":false,"filesAdded":0,"filesRemoved":0,"filesRemovedList":[],"filesUnmatched":0,"filesUpdated":0,"matched":0,"total":0,"unchecked":0,"uncheckedKeysByFile":[],"unmatched":0,"updated":0,"didUpdate":false},"startTime":1788915138788,"success":true,"testResults":[{"assertionResults":[{"ancestorTitles":["Control UI mocked Gateway E2E"],"fullName":"Control UI mocked Gateway E2E refreshes the visible chat identity after a successful config change","status":"passed","title":"refreshes the visible chat identity after a successful config change","duration":1429.726869,"failureMessages":[],"meta":{},"tags":[],"benchmarks":[]}],"startTime":1788915151170,"endTime":1788915152599.7268,"status":"passed","message":"","name":"/home/runner/work/openclaw/openclaw/target/ui/src/e2e/identity-config-refresh.e2e.test.ts"}]}